<?xml version="1.0" encoding="UTF-8"?>
<!-- Generated by org.testng.reporters.JUnitXMLReporter -->
<testsuite ignored="2" hostname="user" failures="0" tests="1" name="Nopackage1" time="27.889" errors="0" timestamp="2024-01-31T19:36:44 IST">
  <testcase classname="testcases.OrangeHRM_TestCase" name="init" time="27.76"/>
  <testcase classname="utility.TestBase" name="@AfterSuite tearDownTest" time="0.0">
    <ignored/>
  </testcase> <!-- @AfterSuite tearDownTest -->
  <testcase classname="utility.TestBase" name="@BeforeSuite initialize" time="0.0">
    <ignored/>
  </testcase> <!-- @BeforeSuite initialize -->
</testsuite> <!-- Nopackage1 -->
