<?xml version="1.0" encoding="UTF-8"?>
<testng-results ignored="0" total="1" passed="1" failed="0" skipped="0">
  <reporter-output>
  </reporter-output>
  <suite started-at="2024-01-31T19:36:16 IST" name="Suite1" finished-at="2024-01-31T19:36:44 IST" duration-ms="27889">
    <groups>
    </groups>
    <test started-at="2024-01-31T19:36:16 IST" name="Nopackage1" finished-at="2024-01-31T19:36:44 IST" duration-ms="27889">
      <class name="testcases.OrangeHRM_TestCase">
        <test-method signature="init()[pri:0, instance:testcases.OrangeHRM_TestCase@5d534f5d]" started-at="2024-01-31T19:36:16 IST" name="init" finished-at="2024-01-31T19:36:44 IST" duration-ms="27760" status="PASS">
          <reporter-output>
          </reporter-output>
        </test-method> <!-- init -->
      </class> <!-- testcases.OrangeHRM_TestCase -->
      <class name="utility.TestBase">
        <test-method is-config="true" signature="initialize()[pri:0, instance:utility.TestBase@7d4f9aae]" started-at="2024-01-31T19:35:51 IST" name="initialize" finished-at="2024-01-31T19:36:16 IST" duration-ms="25277" status="PASS">
          <reporter-output>
          </reporter-output>
        </test-method> <!-- initialize -->
        <test-method is-config="true" signature="tearDownTest()[pri:0, instance:utility.TestBase@7d4f9aae]" started-at="2024-01-31T19:36:44 IST" name="tearDownTest" finished-at="2024-01-31T19:36:44 IST" duration-ms="170" status="PASS">
          <reporter-output>
          </reporter-output>
        </test-method> <!-- tearDownTest -->
      </class> <!-- utility.TestBase -->
    </test> <!-- Nopackage1 -->
  </suite> <!-- Suite1 -->
</testng-results>
